<?xml version="1.0" encoding="utf-8"?>
<coverage line-rate="0.7184" branch-rate="0.634" version="1.9" timestamp="1780637527" lines-covered="1720" lines-valid="2394" branches-covered="298" branches-valid="470">
  <sources>
    <source>/home/hep7/project/kairos/zlink/framework/languages/dotnet/src/</source>
  </sources>
  <packages>
    <package name="Systems.Zlink.Stream.Connector.Codecs" line-rate="0.6595" branch-rate="0.5" complexity="36">
      <classes>
        <class name="Systems.Zlink.Stream.Connector.Codecs.ZlinkStreamAutoCodecExtensions" filename="Systems.Zlink.Stream.Connector.Codecs/ZlinkStreamAutoCodecExtensions.cs" line-rate="1" branch-rate="1" complexity="4">
          <methods>
            <method name="Send" signature="(Systems.Zlink.Stream.Connector.Contracts.IZlinkStreamConnector,TPayload)" line-rate="1" branch-rate="1" complexity="1">
              <lines>
                <line number="11" hits="8" branch="False" />
                <line number="12" hits="8" branch="False" />
                <line number="13" hits="8" branch="False" />
                <line number="14" hits="8" branch="False" />
              </lines>
            </method>
            <method name="Request" signature="(Systems.Zlink.Stream.Connector.Contracts.IZlinkStreamConnector,TPayload)" line-rate="1" branch-rate="1" complexity="1">
              <lines>
                <line number="19" hits="3" branch="False" />
                <line number="20" hits="3" branch="False" />
                <line number="21" hits="3" branch="False" />
                <line number="22" hits="3" branch="False" />
              </lines>
            </method>
            <method name="On" signature="(Systems.Zlink.Stream.Connector.Contracts.IZlinkStreamConnector,System.Func`3&lt;Systems.Zlink.Stream.Connector.Contracts.ZlinkStreamMessage`1&lt;TPayload&gt;,System.Threading.CancellationToken,System.Threading.Tasks.ValueTask&gt;)" line-rate="1" branch-rate="1" complexity="1">
              <lines>
                <line number="27" hits="1" branch="False" />
                <line number="28" hits="1" branch="False" />
                <line number="29" hits="1" branch="False" />
                <line number="30" hits="1" branch="False" />
              </lines>
            </method>
            <method name="On" signature="(Systems.Zlink.Stream.Connector.Contracts.IZlinkStreamConnector,System.String,System.Func`3&lt;Systems.Zlink.Stream.Connector.Contracts.ZlinkStreamMessage`1&lt;TPayload&gt;,System.Threading.CancellationToken,System.Threading.Tasks.ValueTask&gt;)" line-rate="1" branch-rate="1" complexity="1">
              <lines>
                <line number="36" hits="3" branch="False" />
                <line number="37" hits="3" branch="False" />
                <line number="38" hits="3" branch="False" />
                <line number="39" hits="3" branch="False" />
                <line number="40" hits="3" branch="False" />
                <line number="41" hits="3" branch="False" />
                <line number="42" hits="3" branch="False" />
                <line number="43" hits="6" branch="False" />
                <line number="44" hits="3" branch="False" />
              </lines>
            </method>
          </methods>
          <lines>
            <line number="11" hits="8" branch="False" />
            <line number="12" hits="8" branch="False" />
            <line number="13" hits="8" branch="False" />
            <line number="14" hits="8" branch="False" />
            <line number="19" hits="3" branch="False" />
            <line number="20" hits="3" branch="False" />
            <line number="21" hits="3" branch="False" />
            <line number="22" hits="3" branch="False" />
            <line number="27" hits="1" branch="False" />
            <line number="28" hits="1" branch="False" />
            <line number="29" hits="1" branch="False" />
            <line number="30" hits="1" branch="False" />
            <line number="36" hits="3" branch="False" />
            <line number="37" hits="3" branch="False" />
            <line number="38" hits="3" branch="False" />
            <line number="39" hits="3" branch="False" />
            <line number="40" hits="3" branch="False" />
            <line number="41" hits="3" branch="False" />
            <line number="42" hits="3" branch="False" />
            <line number="43" hits="6" branch="False" />
            <line number="44" hits="3" branch="False" />
          </lines>
        </class>
        <class name="Systems.Zlink.Stream.Connector.Codecs.ZlinkStreamAutoCodecSendBuilder" filename="Systems.Zlink.Stream.Connector.Codecs/ZlinkStreamAutoCodecExtensions.cs" line-rate="0.8095" branch-rate="1" complexity="6">
          <methods>
            <method name="PacketName" signature="(System.String)" line-rate="1" branch-rate="1" complexity="1">
              <lines>
                <line number="57" hits="7" branch="False" />
                <line number="58" hits="7" branch="False" />
                <line number="59" hits="7" branch="False" />
                <line number="60" hits="7" branch="False" />
              </lines>
            </method>
            <method name="Metadata" signature="(System.String,System.String)" line-rate="1" branch-rate="1" complexity="1">
              <lines>
                <line number="63" hits="1" branch="False" />
                <line number="64" hits="1" branch="False" />
                <line number="65" hits="1" branch="False" />
                <line number="66" hits="1" branch="False" />
              </lines>
            </method>
            <method name="Metadata" signature="(Systems.Zlink.Stream.Connector.Contracts.ZlinkStreamMetadata)" line-rate="0" branch-rate="1" complexity="1">
              <lines>
                <line number="69" hits="0" branch="False" />
                <line number="70" hits="0" branch="False" />
                <line number="71" hits="0" branch="False" />
                <line number="72" hits="0" branch="False" />
              </lines>
            </method>
            <method name="Compress" signature="()" line-rate="1" branch-rate="1" complexity="1">
              <lines>
                <line number="75" hits="1" branch="False" />
                <line number="76" hits="1" branch="False" />
                <line number="77" hits="1" branch="False" />
                <line number="78" hits="1" branch="False" />
              </lines>
            </method>
            <method name="Submit" signature="(System.Threading.CancellationToken)" line-rate="1" branch-rate="1" complexity="1">
              <lines>
                <line number="81" hits="8" branch="False" />
              </lines>
            </method>
            <method name=".ctor" signature="(Systems.Zlink.Stream.Connector.Contracts.Calls.IZlinkStreamSendCall)" line-rate="1" branch-rate="1" complexity="1">
              <lines>
                <line number="51" hits="8" branch="False" />
                <line number="52" hits="8" branch="False" />
                <line number="53" hits="8" branch="False" />
                <line number="54" hits="8" branch="False" />
              </lines>
            </method>
          </methods>
          <lines>
            <line number="57" hits="7" branch="False" />
            <line number="58" hits="7" branch="False" />
            <line number="59" hits="7" branch="False" />
            <line number="60" hits="7" branch="False" />
            <line number="63" hits="1" branch="False" />
            <line number="64" hits="1" branch="False" />
            <line number="65" hits="1" branch="False" />
            <line number="66" hits="1" branch="False" />
            <line number="69" hits="0" branch="False" />
            <line number="70" hits="0" branch="False" />
            <line number="71" hits="0" branch="False" />
            <line number="72" hits="0" branch="False" />
            <line number="75" hits="1" branch="False" />
            <line number="76" hits="1" branch="False" />
            <line number="77" hits="1" branch="False" />
            <line number="78" hits="1" branch="False" />
            <line number="81" hits="8" branch="False" />
            <line number="51" hits="8" branch="False" />
            <line number="52" hits="8" branch="False" />
            <line number="53" hits="8" branch="False" />
            <line number="54" hits="8" branch="False" />
          </lines>
        </class>
        <class name="Systems.Zlink.Stream.Connector.Codecs.ZlinkStreamAutoCodecRequestBuilder" filename="Systems.Zlink.Stream.Connector.Codecs/ZlinkStreamAutoCodecExtensions.cs" line-rate="0.5306000000000001" branch-rate="0.5" complexity="9">
          <methods>
            <method name="PacketName" signature="(System.String)" line-rate="1" branch-rate="1" complexity="1">
              <lines>
                <line number="94" hits="3" branch="False" />
                <line number="95" hits="3" branch="False" />
                <line number="96" hits="3" branch="False" />
                <line number="97" hits="3" branch="False" />
              </lines>
            </method>
            <method name="Metadata" signature="(System.String,System.String)" line-rate="0" branch-rate="1" complexity="1">
              <lines>
                <line number="100" hits="0" branch="False" />
                <line number="101" hits="0" branch="False" />
                <line number="102" hits="0" branch="False" />
                <line number="103" hits="0" branch="False" />
              </lines>
            </method>
            <method name="Metadata" signature="(Systems.Zlink.Stream.Connector.Contracts.ZlinkStreamMetadata)" line-rate="0" branch-rate="1" complexity="1">
              <lines>
                <line number="106" hits="0" branch="False" />
                <line number="107" hits="0" branch="False" />
                <line number="108" hits="0" branch="False" />
                <line number="109" hits="0" branch="False" />
              </lines>
            </method>
            <method name="Timeout" signature="(System.TimeSpan)" line-rate="1" branch-rate="1" complexity="1">
              <lines>
                <line number="112" hits="1" branch="False" />
                <line number="113" hits="1" branch="False" />
                <line number="114" hits="1" branch="False" />
                <line number="115" hits="1" branch="False" />
              </lines>
            </method>
            <method name="Compress" signature="()" line-rate="0" branch-rate="1" complexity="1">
              <lines>
                <line number="118" hits="0" branch="False" />
                <line number="119" hits="0" branch="False" />
                <line number="120" hits="0" branch="False" />
                <line number="121" hits="0" branch="False" />
              </lines>
            </method>
            <method name="Submit" signature="(System.Action`1&lt;Systems.Zlink.Stream.Connector.Contracts.ZlinkStreamResult&gt;)" line-rate="0" branch-rate="1" complexity="1">
              <lines>
                <line number="130" hits="0" branch="False" />
              </lines>
            </method>
            <method name="Submit" signature="(System.Action`1&lt;Systems.Zlink.Stream.Connector.Contracts.ZlinkStreamResult`1&lt;TReply&gt;&gt;)" line-rate="0.5832999999999999" branch-rate="0.5" complexity="2">
              <lines>
                <line number="133" hits="1" branch="False" />
                <line number="134" hits="1" branch="False" />
                <line number="135" hits="1" branch="False" />
                <line number="136" hits="1" branch="False" />
                <line number="137" hits="1" branch="True" condition-coverage="50% (1/2)">
                  <conditions>
                    <condition number="13" type="jump" coverage="50%" />
                  </conditions>
                </line>
                <line number="138" hits="0" branch="False" />
                <line number="139" hits="0" branch="False" />
                <line number="140" hits="0" branch="False" />
                <line number="141" hits="1" branch="False" />
                <line number="142" hits="1" branch="False" />
                <line number="143" hits="1" branch="False" />
                <line number="144" hits="1" branch="False" />
                <line number="145" hits="1" branch="False" />
                <line number="146" hits="1" branch="False" />
                <line number="147" hits="1" branch="False" />
                <line number="148" hits="0" branch="False" />
                <line number="149" hits="0" branch="False" />
                <line number="150" hits="0" branch="False" />
                <line number="151" hits="0" branch="False" />
                <line number="152" hits="0" branch="False" />
                <line number="153" hits="0" branch="False" />
                <line number="154" hits="0" branch="False" />
                <line number="155" hits="2" branch="False" />
                <line number="156" hits="1" branch="False" />
              </lines>
            </method>
            <method name=".ctor" signature="(Systems.Zlink.Stream.Connector.Contracts.Calls.IZlinkStreamRequestCall)" line-rate="1" branch-rate="1" complexity="1">
              <lines>
                <line number="88" hits="3" branch="False" />
                <line number="89" hits="3" branch="False" />
                <line number="90" hits="3" branch="False" />
                <line number="91" hits="3" branch="False" />
              </lines>
            </method>
          </methods>
          <lines>
            <line number="94" hits="3" branch="False" />
            <line number="95" hits="3" branch="False" />
            <line number="96" hits="3" branch="False" />
            <line number="97" hits="3" branch="False" />
            <line number="100" hits="0" branch="False" />
            <line number="101" hits="0" branch="False" />
            <line number="102" hits="0" branch="False" />
            <line number="103" hits="0" branch="False" />
            <line number="106" hits="0" branch="False" />
            <line number="107" hits="0" branch="False" />
            <line number="108" hits="0" branch="False" />
            <line number="109" hits="0" branch="False" />
            <line number="112" hits="1" branch="False" />
            <line number="113" hits="1" branch="False" />
            <line number="114" hits="1" branch="False" />
            <line number="115" hits="1" branch="False" />
            <line number="118" hits="0" branch="False" />
            <line number="119" hits="0" branch="False" />
            <line number="120" hits="0" branch="False" />
            <line number="121" hits="0" branch="False" />
            <line number="130" hits="0" branch="False" />
            <line number="133" hits="1" branch="False" />
            <line number="134" hits="1" branch="False" />
            <line number="135" hits="1" branch="False" />
            <line number="136" hits="1" branch="False" />
            <line number="137" hits="1" branch="True" condition-coverage="50% (1/2)">
              <conditions>
                <condition number="13" type="jump" coverage="50%" />
              </conditions>
            </line>
            <line number="138" hits="0" branch="False" />
            <line number="139" hits="0" branch="False" />
            <line number="140" hits="0" branch="False" />
            <line number="141" hits="1" branch="False" />
            <line number="142" hits="1" branch="False" />
            <line number="143" hits="1" branch="False" />
            <line number="144" hits="1" branch="False" />
            <line number="145" hits="1" branch="False" />
            <line number="146" hits="1" branch="False" />
            <line number="147" hits="1" branch="False" />
            <line number="148" hits="0" branch="False" />
            <line number="149" hits="0" branch="False" />
            <line number="150" hits="0" branch="False" />
            <line number="151" hits="0" branch="False" />
            <line number="152" hits="0" branch="False" />
            <line number="153" hits="0" branch="False" />
            <line number="154" hits="0" branch="False" />
            <line number="155" hits="2" branch="False" />
            <line number="156" hits="1" branch="False" />
            <line number="88" hits="3" branch="False" />
            <line number="89" hits="3" branch="False" />
            <line number="90" hits="3" branch="False" />
            <line number="91" hits="3" branch="False" />
          </lines>
        </class>
        <class name="Systems.Zlink.Stream.Connector.Codecs.ZlinkStreamAutoCodecRequestBuilder/&lt;SubmitAsync&gt;d__7`1" filename="Systems.Zlink.Stream.Connector.Codecs/ZlinkStreamAutoCodecExtensions.cs" line-rate="1" branch-rate="1" complexity="1">
          <methods>
            <method name="MoveNext" signature="()" line-rate="1" branch-rate="1" complexity="1">
              <lines>
                <line number="124" hits="2" branch="False" />
                <line number="125" hits="2" branch="False" />
                <line number="126" hits="1" branch="False" />
                <line number="127" hits="1" branch="False" />
              </lines>
            </method>
          </methods>
          <lines>
            <line number="124" hits="2" branch="False" />
            <line number="125" hits="2" branch="False" />
            <line number="126" hits="1" branch="False" />
            <line number="127" hits="1" branch="False" />
          </lines>
        </class>
        <class name="Systems.Zlink.Stream.Connector.Codecs.ZlinkStreamAutoCodecSelector" filename="Systems.Zlink.Stream.Connector.Codecs/ZlinkStreamAutoCodecSelector.cs" line-rate="0.5434" branch-rate="0.5" complexity="16">
          <methods>
            <method name="Encode" signature="(TPayload)" line-rate="1" branch-rate="1" complexity="4">
              <lines>
                <line number="18" hits="11" branch="False" />
                <line number="19" hits="11" branch="False" />
                <line number="21" hits="11" branch="True" condition-coverage="100% (2/2)">
                  <conditions>
                    <condition number="36" type="jump" coverage="100%" />
                  </conditions>
                </line>
                <line number="22" hits="1" branch="False" />
                <line number="23" hits="1" branch="False" />
                <line number="24" hits="1" branch="False" />
                <line number="25" hits="1" branch="False" />
                <line number="26" hits="1" branch="False" />
                <line number="29" hits="10" branch="True" condition-coverage="100% (2/2)">
                  <conditions>
                    <condition number="86" type="jump" coverage="100%" />
                  </conditions>
                </line>
                <line number="30" hits="2" branch="False" />
                <line number="31" hits="2" branch="False" />
                <line number="34" hits="8" branch="False" />
                <line number="35" hits="11" branch="False" />
              </lines>
            </method>
            <method name="Decode" signature="(Systems.Zlink.Stream.Connector.Contracts.ZlinkStreamEncodedPayload)" line-rate="0.7777" branch-rate="0.75" complexity="4">
              <lines>
                <line number="38" hits="5" branch="False" />
                <line number="39" hits="5" branch="True" condition-coverage="50% (1/2)">
                  <conditions>
                    <condition number="28" type="jump" coverage="50%" />
                  </conditions>
                </line>
                <line number="40" hits="0" branch="False" />
                <line number="41" hits="0" branch="False" />
                <line number="44" hits="5" branch="True" condition-coverage="100% (2/2)">
                  <conditions>
                    <condition number="57" type="jump" coverage="100%" />
                  </conditions>
                </line>
                <line number="45" hits="1" branch="False" />
                <line number="46" hits="1" branch="False" />
                <line number="49" hits="4" branch="False" />
                <line number="50" hits="5" branch="False" />
              </lines>
            </method>
            <method name="DecodeProtobuf" signature="(Systems.Zlink.Stream.Connector.Contracts.ZlinkStreamEncodedPayload)" line-rate="0" branch-rate="0" complexity="2">
              <lines>
                <line number="53" hits="0" branch="False" />
                <line number="54" hits="0" branch="True" condition-coverage="0% (0/2)">
                  <conditions>
                    <condition number="15" type="jump" coverage="0%" />
                  </conditions>
                </line>
                <line number="55" hits="0" branch="False" />
                <line number="56" hits="0" branch="False" />
                <line number="59" hits="0" branch="False" />
                <line number="61" hits="0" branch="False" />
                <line number="62" hits="0" branch="False" />
                <line number="63" hits="0" branch="False" />
              </lines>
            </method>
            <method name="HasMessagePackObjectAttribute" signature="(System.Type)" line-rate="1" branch-rate="1" complexity="1">
              <lines>
                <line number="66" hits="15" branch="False" />
                <line number="67" hits="15" branch="False" />
                <line number="68" hits="21" branch="False" />
              </lines>
            </method>
            <method name="CreateProtobufFactory" signature="(System.Type)" line-rate="0" branch-rate="0" complexity="4">
              <lines>
                <line number="71" hits="0" branch="False" />
                <line number="72" hits="0" branch="True" condition-coverage="0% (0/2)">
                  <conditions>
                    <condition number="22" type="jump" coverage="0%" />
                  </conditions>
                </line>
                <line number="73" hits="0" branch="False" />
                <line number="74" hits="0" branch="False" />
                <line number="77" hits="0" branch="True" condition-coverage="0% (0/2)">
                  <conditions>
                    <condition number="59" type="jump" coverage="0%" />
                  </conditions>
                </line>
                <line number="78" hits="0" branch="False" />
                <line number="79" hits="0" branch="False" />
                <line number="80" hits="0" branch="False" />
                <line number="81" hits="0" branch="False" />
                <line number="82" hits="0" branch="False" />
                <line number="83" hits="0" branch="False" />
              </lines>
            </method>
            <method name=".cctor" signature="()" line-rate="1" branch-rate="1" complexity="1">
              <lines>
                <line number="14" hits="1" branch="False" />
                <line number="15" hits="1" branch="False" />
              </lines>
            </method>
          </methods>
          <lines>
            <line number="18" hits="11" branch="False" />
            <line number="19" hits="11" branch="False" />
            <line number="21" hits="11" branch="True" condition-coverage="100% (2/2)">
              <conditions>
                <condition number="36" type="jump" coverage="100%" />
              </conditions>
            </line>
            <line number="22" hits="1" branch="False" />
            <line number="23" hits="1" branch="False" />
            <line number="24" hits="1" branch="False" />
            <line number="25" hits="1" branch="False" />
            <line number="26" hits="1" branch="False" />
            <line number="29" hits="10" branch="True" condition-coverage="100% (2/2)">
              <conditions>
                <condition number="86" type="jump" coverage="100%" />
              </conditions>
            </line>
            <line number="30" hits="2" branch="False" />
            <line number="31" hits="2" branch="False" />
            <line number="34" hits="8" branch="False" />
            <line number="35" hits="11" branch="False" />
            <line number="38" hits="5" branch="False" />
            <line number="39" hits="5" branch="True" condition-coverage="50% (1/2)">
              <conditions>
                <condition number="28" type="jump" coverage="50%" />
              </conditions>
            </line>
            <line number="40" hits="0" branch="False" />
            <line number="41" hits="0" branch="False" />
            <line number="44" hits="5" branch="True" condition-coverage="100% (2/2)">
              <conditions>
                <condition number="57" type="jump" coverage="100%" />
              </conditions>
            </line>
            <line number="45" hits="1" branch="False" />
            <line number="46" hits="1" branch="False" />
            <line number="49" hits="4" branch="False" />
            <line number="50" hits="5" branch="False" />
            <line number="53" hits="0" branch="False" />
            <line number="54" hits="0" branch="True" condition-coverage="0% (0/2)">
              <conditions>
                <condition number="15" type="jump" coverage="0%" />
              </conditions>
            </line>
            <line number="55" hits="0" branch="False" />
            <line number="56" hits="0" branch="False" />
            <line number="59" hits="0" branch="False" />
            <line number="61" hits="0" branch="False" />
            <line number="62" hits="0" branch="False" />
            <line number="63" hits="0" branch="False" />
            <line number="66" hits="15" branch="False" />
            <line number="67" hits="15" branch="False" />
            <line number="68" hits="21" branch="False" />
            <line number="71" hits="0" branch="False" />
            <line number="72" hits="0" branch="True" condition-coverage="0% (0/2)">
              <conditions>
                <condition number="22" type="jump" coverage="0%" />
              </conditions>
            </line>
            <line number="73" hits="0" branch="False" />
            <line number="74" hits="0" branch="False" />
            <line number="77" hits="0" branch="True" condition-coverage="0% (0/2)">
              <conditions>
                <condition number="59" type="jump" coverage="0%" />
              </conditions>
            </line>
            <line number="78" hits="0" branch="False" />
            <line number="79" hits="0" branch="False" />
            <line number="80" hits="0" branch="False" />
            <line number="81" hits="0" branch="False" />
            <line number="82" hits="0" branch="False" />
            <line number="83" hits="0" branch="False" />
            <line number="14" hits="1" branch="False" />
            <line number="15" hits="1" branch="False" />
          </lines>
        </class>
      </classes>
    </package>
    <package name="Systems.Zlink.Stream.Connector" line-rate="0.72" branch-rate="0.6425" complexity="650">
      <classes>
        <class name="Systems.Zlink.Stream.Connector.Runtime.ZlinkStreamConnector" filename="Systems.Zlink.Stream.Connector/Runtime/ZlinkStreamConnector.cs" line-rate="0.7646999999999999" branch-rate="0.7" complexity="39">
          <methods>
            <method name="add_ErrorReceived" signature="(System.Func`3&lt;Systems.Zlink.Stream.Connector.Contracts.ZlinkStreamError,System.Threading.CancellationToken,System.Threading.Tasks.ValueTask&gt;)" line-rate="1" branch-rate="1" complexity="1">
              <lines>
                <line number="59" hits="1" branch="False" />
                <line number="60" hits="1" branch="False" />
                <line number="61" hits="1" branch="False" />
              </lines>
            </method>
            <method name="remove_ErrorReceived" signature="(System.Func`3&lt;Systems.Zlink.Stream.Connector.Contracts.ZlinkStreamError,System.Threading.CancellationToken,System.Threading.Tasks.ValueTask&gt;)" line-rate="0" branch-rate="1" complexity="1">
              <lines>
                <line number="63" hits="0" branch="False" />
                <line number="64" hits="0" branch="False" />
                <line number="65" hits="0" branch="False" />
              </lines>
            </method>
            <method name="add_Disconnected" signature="(System.Func`2&lt;System.Threading.CancellationToken,System.Threading.Tasks.ValueTask&gt;)" line-rate="0" branch-rate="1" complexity="1">
              <lines>
                <line number="71" hits="0" branch="False" />
                <line number="72" hits="0" branch="False" />
                <line number="73" hits="0" branch="False" />
              </lines>
            </method>
            <method name="remove_Disconnected" signature="(System.Func`2&lt;System.Threading.CancellationToken,System.Threading.Tasks.ValueTask&gt;)" line-rate="0" branch-rate="1" complexity="1">
              <lines>
                <line number="75" hits="0" branch="False" />
                <line number="76" hits="0" branch="False" />
                <line number="77" hits="0" branch="False" />
              </lines>
            </method>
            <method name="add_ConnectionStateChanged" signature="(System.Func`3&lt;Systems.Zlink.Stream.Connector.Contracts.ZlinkStreamConnectionStateChanged,System.Threading.CancellationToken,System.Threading.Tasks.ValueTask&gt;)" line-rate="1" branch-rate="1" complexity="1">
              <lines>
                <line number="83" hits="1" branch="False" />
                <line number="84" hits="1" branch="False" />
                <line number="85" hits="1" branch="False" />
              </lines>
            </method>
            <method name="remove_ConnectionStateChanged" signature="(System.Func`3&lt;Systems.Zlink.Stream.Connector.Contracts.ZlinkStreamConnectionStateChanged,System.Threading.CancellationToken,System.Threading.Tasks.ValueTask&gt;)" line-rate="0" branch-rate="1" complexity="1">
              <lines>
                <line number="87" hits="0" branch="False" />
                <line number="88" hits="0" branch="False" />
                <line number="89" hits="0" branch="False" />
              </lines>
            </method>
            <method name="get_IsConnected" signature="()" line-rate="1" branch-rate="1" complexity="1">
              <lines>
                <line number="92" hits="1" branch="False" />
              </lines>
            </method>
            <method name="get_State" signature="()" line-rate="1" branch-rate="1" complexity="1">
              <lines>
                <line number="94" hits="2" branch="False" />
              </lines>
            </method>
            <method name="get_Options" signature="()" line-rate="1" branch-rate="1" complexity="1">
              <lines>
                <line number="96" hits="3" branch="False" />
              </lines>
            </method>
            <method name="get_PendingDispatchCount" signature="()" line-rate="1" branch-rate="1" complexity="1">
              <lines>
                <line number="98" hits="3" branch="False" />
              </lines>
            </method>
            <method name="Send" signature="(Systems.Zlink.Stream.Connector.Contracts.ZlinkStreamEncodedPayload)" line-rate="1" branch-rate="1" complexity="1">
              <lines>
                <line number="122" hits="10" branch="False" />
              </lines>
            </method>
            <method name="Request" signature="(Systems.Zlink.Stream.Connector.Contracts.ZlinkStreamEncodedPayload)" line-rate="1" branch-rate="1" complexity="1">
              <lines>
                <line number="125" hits="5" branch="False" />
              </lines>
            </method>
            <method name="On" signature="(System.String,System.Func`3&lt;Systems.Zlink.Stream.Connector.Contracts.ZlinkStreamMessage`1&lt;Systems.Zlink.Stream.Connector.Contracts.ZlinkStreamEncodedPayload&gt;,System.Threading.CancellationToken,System.Threading.Tasks.ValueTask&gt;)" line-rate="1" branch-rate="1" complexity="1">
              <lines>
                <line number="130" hits="6" branch="False" />
                <line number="131" hits="6" branch="False" />
                <line number="132" hits="6" branch="False" />
                <line number="133" hits="6" branch="False" />
                <line number="135" hits="5" branch="False" />
                <line number="136" hits="5" branch="False" />
              </lines>
            </method>
            <method name="Systems.Zlink.Stream.Connector.Runtime.IZlinkStreamConnectorInternal.RequestEncoded" signature="(System.String,Systems.Zlink.Stream.Connector.Contracts.ZlinkStreamEncodedPayload,Systems.Zlink.Stream.Connector.Contracts.ZlinkStreamMetadata,System.Boolean,System.TimeSpan,System.Action`1&lt;Systems.Zlink.Stream.Connector.Contracts.ZlinkStreamResult&gt;)" line-rate="0" branch-rate="1" complexity="1">
              <lines>
                <line number="222" hits="0" branch="False" />
                <line number="223" hits="0" branch="False" />
                <line number="224" hits="0" branch="False" />
                <line number="225" hits="0" branch="False" />
                <line number="226" hits="0" branch="False" />
                <line number="227" hits="0" branch="False" />
                <line number="228" hits="0" branch="False" />
              </lines>
            </method>
            <method name="Systems.Zlink.Stream.Connector.Runtime.IZlinkStreamConnectorInternal.RequestEncoded" signature="(System.String,Systems.Zlink.Stream.Connector.Contracts.ZlinkStreamEncodedPayload,Systems.Zlink.Stream.Connector.Contracts.ZlinkStreamMetadata,System.Boolean,System.TimeSpan,System.Action`1&lt;Systems.Zlink.Stream.Connector.Contracts.ZlinkStreamResult`1&lt;Systems.Zlink.Stream.Connector.Contracts.ZlinkStreamEncodedPayload&gt;&gt;)" line-rate="1" branch-rate="1" complexity="1">
              <lines>
                <line number="237" hits="1" branch="False" />
                <line number="238" hits="1" branch="False" />
                <line number="239" hits="1" branch="False" />
                <line number="240" hits="1" branch="False" />
                <line number="241" hits="1" branch="False" />
                <line number="242" hits="1" branch="False" />
                <line number="243" hits="1" branch="False" />
              </lines>
            </method>
            <method name="ResolveName" signature="(System.Type)" line-rate="1" branch-rate="1" complexity="1">
              <lines>
                <line number="260" hits="8" branch="False" />
                <line number="261" hits="8" branch="False" />
                <line number="262" hits="8" branch="False" />
                <line number="263" hits="8" branch="False" />
                <line number="264" hits="8" branch="False" />
                <line number="265" hits="8" branch="False" />
              </lines>
            </method>
            <method name="ResolveNameOrDefault" signature="(Systems.Zlink.Stream.Connector.Contracts.ZlinkStreamEncodedPayload)" line-rate="1" branch-rate="1" complexity="2">
              <lines>
                <line number="268" hits="15" branch="False" />
                <line number="269" hits="15" branch="False" />
                <line number="270" hits="15" branch="True" condition-coverage="100% (2/2)">
                  <conditions>
                    <condition number="19" type="jump" coverage="100%" />
                  </conditions>
                </line>
                <line number="271" hits="7" branch="False" />
                <line number="272" hits="7" branch="False" />
                <line number="275" hits="8" branch="False" />
                <line number="276" hits="15" branch="False" />
              </lines>
            </method>
            <method name="ValidateName" signature="(System.String,System.Boolean)" line-rate="0.6363" branch-rate="0.75" complexity="8">
              <lines>
                <line number="279" hits="114" branch="False" />
                <line number="280" hits="114" branch="True" condition-coverage="50% (1/2)">
                  <conditions>
                    <condition number="9" type="jump" coverage="50%" />
                  </conditions>
                </line>
                <line number="281" hits="0" branch="False" />
                <line number="282" hits="0" branch="False" />
                <line number="285" hits="114" branch="True" condition-coverage="100% (4/4)">
                  <conditions>
                    <condition number="26" type="jump" coverage="100%" />
                    <condition number="45" type="jump" coverage="100%" />
                  </conditions>
                </line>
                <line number="286" hits="2" branch="False" />
                <line number="287" hits="2" branch="False" />
                <line number="290" hits="112" branch="True" condition-coverage="50% (1/2)">
                  <conditions>
                    <condition number="81" type="jump" coverage="50%" />
                  </conditions>
                </line>
                <line number="291" hits="0" branch="False" />
                <line number="292" hits="0" branch="False" />
                <line number="294" hits="112" branch="False" />
              </lines>
            </method>
            <method name="ThrowIfDisposed" signature="()" line-rate="0.6" branch-rate="0.5" complexity="2">
              <lines>
                <line number="297" hits="52" branch="False" />
                <line number="298" hits="52" branch="True" condition-coverage="50% (1/2)">
                  <conditions>
                    <condition number="12" type="jump" coverage="50%" />
                  </conditions>
                </line>
                <line number="299" hits="0" branch="False" />
                <line number="300" hits="0" branch="False" />
                <line number="302" hits="52" branch="False" />
              </lines>
            </method>
            <method name="ThrowIfClosed" signature="()" line-rate="0.6666" branch-rate="0.5" complexity="2">
              <lines>
                <line number="305" hits="29" branch="False" />
                <line number="306" hits="29" branch="False" />
                <line number="307" hits="29" branch="True" condition-coverage="50% (1/2)">
                  <conditions>
                    <condition number="24" type="jump" coverage="50%" />
                  </conditions>
                </line>
                <line number="308" hits="0" branch="False" />
                <line number="309" hits="0" branch="False" />
                <line number="311" hits="29" branch="False" />
              </lines>
            </method>
            <method name="CreateCompressionCodec" signature="(Systems.Zlink.Stream.Connector.Contracts.ZlinkStreamCompression)" line-rate="0.875" branch-rate="0.75" complexity="4">
              <lines>
                <line number="319" hits="24" branch="False" />
                <line number="320" hits="24" branch="True" condition-coverage="75% (3/4)">
                  <conditions>
                    <condition number="6" type="jump" coverage="100%" />
                    <condition number="12" type="jump" coverage="50%" />
                  </conditions>
                </line>
                <line number="321" hits="24" branch="False" />
                <line number="322" hits="22" branch="False" />
                <line number="323" hits="2" branch="False" />
                <line number="324" hits="0" branch="False" />
                <line number="325" hits="24" branch="False" />
                <line number="326" hits="24" branch="False" />
              </lines>
            </method>
            <method name="Error" signature="(Systems.Zlink.Stream.Connector.Contracts.ZlinkStreamErrorCode,System.String,System.Exception)" line-rate="1" branch-rate="1" complexity="1">
              <lines>
                <line number="332" hits="34" branch="False" />
              </lines>
            </method>
            <method name="&lt;.ctor&gt;b__17_0" signature="()" line-rate="1" branch-rate="1" complexity="1">
              <lines>
                <line number="43" hits="65" branch="False" />
              </lines>
            </method>
            <method name="&lt;.ctor&gt;b__17_1" signature="()" line-rate="1" branch-rate="1" complexity="1">
              <lines>
                <line number="52" hits="31" branch="False" />
              </lines>
            </method>
            <method name=".ctor" signature="(Systems.Zlink.Stream.Connector.Contracts.ZlinkStreamConnectorOptions)" line-rate="1" branch-rate="0.5" complexity="2">
              <lines>
                <line number="11" hits="24" branch="False" />
                <line number="12" hits="24" branch="False" />
                <line number="13" hits="24" branch="False" />
                <line number="14" hits="24" branch="False" />
                <line number="26" hits="24" branch="False" />
                <line number="27" hits="24" branch="False" />
                <line number="28" hits="24" branch="True" condition-coverage="50% (1/2)">
                  <conditions>
                    <condition number="57" type="jump" coverage="50%" />
                  </conditions>
                </line>
                <line number="29" hits="24" branch="False" />
                <line number="30" hits="24" branch="False" />
                <line number="31" hits="24" branch="False" />
                <line number="33" hits="24" branch="False" />
                <line number="34" hits="24" branch="False" />
                <line number="36" hits="24" branch="False" />
                <line number="37" hits="24" branch="False" />
                <line number="38" hits="24" branch="False" />
                <line number="39" hits="24" branch="False" />
                <line number="40" hits="24" branch="False" />
                <line number="41" hits="24" branch="False" />
                <line number="42" hits="24" branch="False" />
                <line number="44" hits="24" branch="False" />
                <line number="45" hits="24" branch="False" />
                <line number="46" hits="24" branch="False" />
                <line number="47" hits="24" branch="False" />
                <line number="48" hits="24" branch="False" />
                <line number="49" hits="24" branch="False" />
                <line number="50" hits="24" branch="False" />
                <line number="51" hits="24" branch="False" />
                <line number="53" hits="24" branch="False" />
                <line number="54" hits="24" branch="False" />
              </lines>
            </method>
          </methods>
          <lines>
            <line number="59" hits="1" branch="False" />
            <line number="60" hits="1" branch="False" />
            <line number="61" hits="1" branch="False" />
            <line number="63" hits="0" branch="False" />
            <line number="64" hits="0" branch="False" />
            <line number="65" hits="0" branch="False" />
            <line number="71" hits="0" branch="False" />
            <line number="72" hits="0" branch="False" />
            <line number="73" hits="0" branch="False" />
            <line number="75" hits="0" branch="False" />
            <line number="76" hits="0" branch="False" />
            <line number="77" hits="0" branch="False" />
            <line number="83" hits="1" branch="False" />
            <line number="84" hits="1" branch="False" />
            <line number="85" hits="1" branch="False" />
            <line number="87" hits="0" branch="False" />
            <line number="88" hits="0" branch="False" />
            <line number="89" hits="0" branch="False" />
            <line number="92" hits="1" branch="False" />
            <line number="94" hits="2" branch="False" />
            <line number="96" hits="3" branch="False" />
            <line number="98" hits="3" branch="False" />
            <line number="122" hits="10" branch="False" />
            <line number="125" hits="5" branch="False" />
            <line number="130" hits="6" branch="False" />
            <line number="131" hits="6" branch="False" />
            <line number="132" hits="6" branch="False" />
            <line number="133" hits="6" branch="False" />
            <line number="135" hits="5" branch="False" />
            <line number="136" hits="5" branch="False" />
            <line number="222" hits="0" branch="False" />
            <line number="223" hits="0" branch="False" />
            <line number="224" hits="0" branch="False" />
            <line number="225" hits="0" branch="False" />
            <line number="226" hits="0" branch="False" />
            <line number="227" hits="0" branch="False" />
            <line number="228" hits="0" branch="False" />
            <line number="237" hits="1" branch="False" />
            <line number="238" hits="1" branch="False" />
            <line number="239" hits="1" branch="False" />
            <line number="240" hits="1" branch="False" />
            <line number="241" hits="1" branch="False" />
            <line number="242" hits="1" branch="False" />
            <line number="243" hits="1" branch="False" />
            <line number="260" hits="8" branch="False" />
            <line number="261" hits="8" branch="False" />
            <line number="262" hits="8" branch="False" />
            <line number="263" hits="8" branch="False" />
            <line number="264" hits="8" branch="False" />
            <line number="265" hits="8" branch="False" />
            <line number="268" hits="15" branch="False" />
            <line number="269" hits="15" branch="False" />
            <line number="270" hits="15" branch="True" condition-coverage="100% (2/2)">
              <conditions>
                <condition number="19" type="jump" coverage="100%" />
              </conditions>
            </line>
            <line number="271" hits="7" branch="False" />
            <line number="272" hits="7" branch="False" />
            <line number="275" hits="8" branch="False" />
            <line number="276" hits="15" branch="False" />
            <line number="279" hits="114" branch="False" />
            <line number="280" hits="114" branch="True" condition-coverage="50% (1/2)">
              <conditions>
                <condition number="9" type="jump" coverage="50%" />
              </conditions>
            </line>
            <line number="281" hits="0" branch="False" />
            <line number="282" hits="0" branch="False" />
            <line number="285" hits="114" branch="True" condition-coverage="100% (4/4)">
              <conditions>
                <condition number="26" type="jump" coverage="100%" />
                <condition number="45" type="jump" coverage="100%" />
              </conditions>
            </line>
            <line number="286" hits="2" branch="False" />
            <line number="287" hits="2" branch="False" />
            <line number="290" hits="112" branch="True" condition-coverage="50% (1/2)">
              <conditions>
                <condition number="81" type="jump" coverage="50%" />
              </conditions>
            </line>
            <line number="291" hits="0" branch="False" />
            <line number="292" hits="0" branch="False" />
            <line number="294" hits="112" branch="False" />
            <line number="297" hits="52" branch="False" />
            <line number="298" hits="52" branch="True" condition-coverage="50% (1/2)">
              <conditions>
                <condition number="12" type="jump" coverage="50%" />
              </conditions>
            </line>
            <line number="299" hits="0" branch="False" />
            <line number="300" hits="0" branch="False" />
            <line number="302" hits="52" branch="False" />
            <line number="305" hits="29" branch="False" />
            <line number="306" hits="29" branch="False" />
            <line number="307" hits="29" branch="True" condition-coverage="50% (1/2)">
              <conditions>
                <condition number="24" type="jump" coverage="50%" />
              </conditions>
            </line>
            <line number="308" hits="0" branch="False" />
            <line number="309" hits="0" branch="False" />
            <line number="311" hits="29" branch="False" />
            <line number="319" hits="24" branch="False" />
            <line number="320" hits="24" branch="True" condition-coverage="75% (3/4)">
              <conditions>
                <condition number="6" type="jump" coverage="100%" />
                <condition number="12" type="jump" coverage="50%" />
              </conditions>
            </line>
            <line number="321" hits="24" branch="False" />
            <line number="322" hits="22" branch="False" />
            <line number="323" hits="2" branch="False" />
            <line number="324" hits="0" branch="False" />
            <line number="325" hits="24" branch="False" />
            <line number="326" hits="24" branch="False" />
            <line number="332" hits="34" branch="False" />
            <line number="43" hits="65" branch="False" />
            <line number="52" hits="31" branch="False" />
            <line number="11" hits="24" branch="False" />
            <line number="12" hits="24" branch="False" />
            <line number="13" hits="24" branch="False" />
            <line number="14" hits="24" branch="False" />
            <line number="26" hits="24" branch="False" />
            <line number="27" hits="24" branch="False" />
            <line number="28" hits="24" branch="True" condition-coverage="50% (1/2)">
              <conditions>
                <condition number="57" type="jump" coverage="50%" />
              </conditions>
            </line>
            <line number="29" hits="24" branch="False" />
            <line number="30" hits="24" branch="False" />
            <line number="31" hits="24" branch="False" />
            <line number="33" hits="24" branch="False" />
            <line number="34" hits="24" branch="False" />
            <line number="36" hits="24" branch="False" />
            <line number="37" hits="24" branch="False" />
            <line number="38" hits="24" branch="False" />
            <line number="39" hits="24" branch="False" />
            <line number="40" hits="24" branch="False" />
            <line number="41" hits="24" branch="False" />
            <line number="42" hits="24" branch="False" />
            <line number="44" hits="24" branch="False" />
            <line number="45" hits="24" branch="False" />
            <line number="46" hits="24" branch="False" />
            <line number="47" hits="24" branch="False" />
            <line number="48" hits="24" branch="False" />
            <line number="49" hits="24" branch="False" />
            <line number="50" hits="24" branch="False" />
            <line number="51" hits="24" branch="False" />
            <line number="53" hits="24" branch="False" />
            <line number="54" hits="24" branch="False" />
          </lines>
        </class>
        <class name="Systems.Zlink.Stream.Connector.Runtime.ZlinkStreamConnector/&lt;CloseAsync&gt;d__37" filename="Systems.Zlink.Stream.Connector/Runtime/ZlinkStreamConnector.cs" line-rate="1" branch-rate="1" complexity="1">
          <methods>
            <method name="MoveNext" signature="()" line-rate="1" branch-rate="1" complexity="1">
              <lines>
                <line number="111" hits="25" branch="False" />
                <line number="112" hits="25" branch="False" />
                <line number="113" hits="25" branch="False" />
              </lines>
            </method>
          </methods>
          <lines>
            <line number="111" hits="25" branch="False" />
            <line number="112" hits="25" branch="False" />
            <line number="113" hits="25" branch="False" />
          </lines>
        </class>
        <class name="Systems.Zlink.Stream.Connector.Runtime.ZlinkStreamConnector/&lt;ConnectAsync&gt;d__36" filename="Systems.Zlink.Stream.Connector/Runtime/ZlinkStreamConnector.cs" line-rate="1" branch-rate="1" complexity="1">
          <methods>
            <method name="MoveNext" signature="()" line-rate="1" branch-rate="1" complexity="1">
              <lines>
                <line number="101" hits="21" branch="False" />
                <line number="102" hits="21" branch="False" />
                <line number="103" hits="21" branch="False" />
                <line number="104" hits="21" branch="False" />
                <line number="105" hits="21" branch="False" />
                <line number="106" hits="21" branch="False" />
                <line number="107" hits="21" branch="False" />
                <line number="108" hits="20" branch="False" />
              </lines>
            </method>
          </methods>
          <lines>
            <line number="101" hits="21" branch="False" />
            <line number="102" hits="21" branch="False" />
            <line number="103" hits="21" branch="False" />
            <line number="104" hits="21" branch="False" />
            <line number="105" hits="21" branch="False" />
            <line number="106" hits="21" branch="False" />
            <line number="107" hits="21" branch="False" />
            <line number="108" hits="20" branch="False" />
          </lines>
        </class>
        <class name="Systems.Zlink.Stream.Connector.Runtime.ZlinkStreamConnector/&lt;DispatchAsync&gt;d__38" filename="Systems.Zlink.Stream.Connector/Runtime/ZlinkStreamConnector.cs" line-rate="1" branch-rate="1" complexity="1">
          <methods>
            <method name="MoveNext" signature="()" line-rate="1" branch-rate="1" complexity="1">
              <lines>
                <line number="116" hits="2" branch="False" />
                <line number="117" hits="2" branch="False" />
                <line number="118" hits="2" branch="False" />
                <line number="119" hits="2" branch="False" />
              </lines>
            </method>
          </methods>
          <lines>
            <line number="116" hits="2" branch="False" />
            <line number="117" hits="2" branch="False" />
            <line number="118" hits="2" branch="False" />
            <line number="119" hits="2" branch="False" />
          </lines>
        </class>
        <class name="Systems.Zlink.Stream.Connector.Runtime.ZlinkStreamConnector/&lt;DisposeAsync&gt;d__47" filename="Systems.Zlink.Stream.Connector/Runtime/ZlinkStreamConnector.cs" line-rate="0.8" branch-rate="0.5" complexity="2">
          <methods>
            <method name="MoveNext" signature="()" line-rate="0.8" branch-rate="0.5" complexity="2">
              <lines>
                <line number="246" hits="24" branch="False" />
                <line number="247" hits="24" branch="True" condition-coverage="50% (1/2)">
                  <conditions>
                    <condition number="37" type="jump" coverage="50%" />
                  </conditions>
                </line>
                <line number="248" hits="0" branch="False" />
                <line number="249" hits="0" branch="False" />
                <line number="252" hits="24" branch="False" />
                <line number="253" hits="24" branch="False" />
                <line number="254" hits="24" branch="False" />
                <line number="255" hits="24" branch="False" />
                <line number="256" hits="24" branch="False" />
                <line number="257" hits="24" branch="False" />
              </lines>
            </method>
          </methods>
          <lines>
            <line number="246" hits="24" branch="False" />
            <line number="247" hits="24" branch="True" condition-coverage="50% (1/2)">
              <conditions>
                <condition number="37" type="jump" coverage="50%" />
              </conditions>
            </line>
            <line number="248" hits="0" branch="False" />
            <line number="249" hits="0" branch="False" />
            <line number="252" hits="24" branch="False" />
            <line number="253" hits="24" branch="False" />
            <line number="254" hits="24" branch="False" />
            <line number="255" hits="24" branch="False" />
            <line number="256" hits="24" branch="False" />
            <line number="257" hits="24" branch="False" />
          </lines>
        </class>
        <class name="Systems.Zlink.Stream.Connector.Runtime.ZlinkStreamConnector/&lt;RequestEncodedCoreAsync&gt;d__44" filename="Systems.Zlink.Stream.Connector/Runtime/ZlinkStreamConnector.cs" line-rate="0.8181" branch-rate="1" complexity="1">
          <methods>
            <method name="MoveNext" signature="()" line-rate="0.8181" branch-rate="1" complexity="1">
              <lines>
                <line number="184" hits="5" branch="False" />
                <line number="185" hits="5" branch="False" />
                <line number="186" hits="5" branch="False" />
                <line number="189" hits="4" branch="False" />
                <line number="190" hits="4" branch="False" />
                <line number="191" hits="4" branch="False" />
                <line number="192" hits="4" branch="False" />
                <line number="194" hits="4" branch="False" />
                <line number="195" hits="4" branch="False" />
                <line number="196" hits="4" branch="False" />
                <line number="197" hits="0" branch="False" />
                <line number="198" hits="0" branch="False" />
                <line number="199" hits="0" branch="False" />
                <line number="200" hits="0" branch="False" />
                <line number="203" hits="4" branch="False" />
                <line number="204" hits="2" branch="False" />
                <line number="205" hits="2" branch="False" />
                <line number="206" hits="2" branch="False" />
                <line number="208" hits="2" branch="False" />
                <line number="210" hits="2" branch="False" />
                <line number="211" hits="2" branch="False" />
                <line number="213" hits="2" branch="False" />
              </lines>
            </method>
          </methods>
          <lines>
            <line number="184" hits="5" branch="False" />
            <line number="185" hits="5" branch="False" />
            <line number="186" hits="5" branch="False" />
            <line number="189" hits="4" branch="False" />
            <line number="190" hits="4" branch="False" />
            <line number="191" hits="4" branch="False" />
            <line number="192" hits="4" branch="False" />
            <line number="194" hits="4" branch="False" />
            <line number="195" hits="4" branch="False" />
            <line number="196" hits="4" branch="False" />
            <line number="197" hits="0" branch="False" />
            <line number="198" hits="0" branch="False" />
            <line number="199" hits="0" branch="False" />
            <line number="200" hits="0" branch="False" />
            <line number="203" hits="4" branch="False" />
            <line number="204" hits="2" branch="False" />
            <line number="205" hits="2" branch="False" />
            <line number="206" hits="2" branch="False" />
            <line number="208" hits="2" branch="False" />
            <line number="210" hits="2" branch="False" />
            <line number="211" hits="2" branch="False" />
            <line number="213" hits="2" branch="False" />
          </lines>
        </class>
        <class name="Systems.Zlink.Stream.Connector.Runtime.ZlinkStreamConnector/&lt;SendHeartbeatPingAsync&gt;d__53" filename="Systems.Zlink.Stream.Connector/Runtime/ZlinkStreamConnector.cs" line-rate="1" branch-rate="1" complexity="1">
          <methods>
            <method name="MoveNext" signature="()" line-rate="1" branch-rate="1" complexity="1">
              <lines>
                <line number="314" hits="8" branch="False" />
                <line number="315" hits="8" branch="False" />
                <line number="316" hits="8" branch="False" />
              </lines>
            </method>
          </methods>
          <lines>
            <line number="314" hits="8" branch="False" />
            <line number="315" hits="8" branch="False" />
            <line number="316" hits="8" branch="False" />
          </lines>
        </class>
        <class name="Systems.Zlink.Stream.Connector.Runtime.ZlinkStreamConnector/&lt;Systems-Zlink-Stream-Connector-Runtime-IZlinkStreamConnectorInternal-RequestEncodedAsync&gt;d__43" filename="Systems.Zlink.Stream.Connector/Runtime/ZlinkStreamConnector.cs" line-rate="1" branch-rate="1" complexity="1">
          <methods>
            <method name="MoveNext" signature="()" line-rate="1" branch-rate="1" complexity="1">
              <lines>
                <line number="166" hits="4" branch="False" />
                <line number="167" hits="4" branch="False" />
                <line number="168" hits="4" branch="False" />
                <line number="169" hits="4" branch="False" />
                <line number="170" hits="4" branch="False" />
                <line number="171" hits="4" branch="False" />
                <line number="172" hits="4" branch="False" />
                <line number="173" hits="4" branch="False" />
                <line number="174" hits="4" branch="False" />
                <line number="175" hits="1" branch="False" />
              </lines>
            </method>
          </methods>
          <lines>
            <line number="166" hits="4" branch="False" />
            <line number="167" hits="4" branch="False" />
            <line number="168" hits="4" branch="False" />
            <line number="169" hits="4" branch="False" />
            <line number="170" hits="4" branch="False" />
            <line number="171" hits="4" branch="False" />
            <line number="172" hits="4" branch="False" />
            <line number="173" hits="4" branch="False" />
            <line number="174" hits="4" branch="False" />
            <line number="175" hits="1" branch="False" />
          </lines>
        </class>
        <class name="Systems.Zlink.Stream.Connector.Runtime.ZlinkStreamConnector/&lt;Systems-Zlink-Stream-Connector-Runtime-IZlinkStreamConnectorInternal-SendEncodedAsync&gt;d__42" filename="Systems.Zlink.Stream.Connector/Runtime/ZlinkStreamConnector.cs" line-rate="0.6363" branch-rate="1" complexity="1">
          <methods>
            <method name="MoveNext" signature="()" line-rate="0.6363" branch-rate="1" complexity="1">
              <lines>
                <line number="145" hits="10" branch="False" />
                <line number="146" hits="10" branch="False" />
                <line number="147" hits="8" branch="False" />
                <line number="149" hits="7" branch="False" />
                <line number="150" hits="7" branch="False" />
                <line number="151" hits="7" branch="False" />
                <line number="152" hits="0" branch="False" />
                <line number="153" hits="0" branch="False" />
                <line number="154" hits="0" branch="False" />
                <line number="155" hits="0" branch="False" />
                <line number="157" hits="7" branch="False" />
              </lines>
            </method>
          </methods>
          <lines>
            <line number="145" hits="10" branch="False" />
            <line number="146" hits="10" branch="False" />
            <line number="147" hits="8" branch="False" />
            <line number="149" hits="7" branch="False" />
            <line number="150" hits="7" branch="False" />
            <line number="151" hits="7" branch="False" />
            <line number="152" hits="0" branch="False" />
            <line number="153" hits="0" branch="False" />
            <line number="154" hits="0" branch="False" />
            <line number="155" hits="0" branch="False" />
            <line number="157" hits="7" branch="False" />
          </lines>
        </class>
        <class name="Systems.Zlink.Stream.Connector.Runtime.ZlinkStreamConnectorCallbacks" filename="Systems.Zlink.Stream.Connector/Runtime/ZlinkStreamConnectorCallbacks.cs" line-rate="0.5283" branch-rate="1" complexity="13">
          <methods>
            <method name="get_PendingDispatchCount" signature="()" line-rate="1" branch-rate="1" complexity="1">
              <lines>
                <line number="16" hits="3" branch="False" />
              </lines>
            </method>
            <method name="AddErrorReceived" signature="(System.Func`3&lt;Systems.Zlink.Stream.Connector.Contracts.ZlinkStreamError,System.Threading.CancellationToken,System.Threading.Tasks.ValueTask&gt;)" line-rate="1" branch-rate="1" complexity="1">
              <lines>
                <line number="19" hits="1" branch="False" />
                <line number="20" hits="1" branch="False" />
                <line number="21" hits="1" branch="False" />
                <line number="22" hits="1" branch="False" />
                <line number="23" hits="1" branch="False" />
                <line number="24" hits="1" branch="False" />
              </lines>
            </method>
            <method name="RemoveErrorReceived" signature="(System.Func`3&lt;Systems.Zlink.Stream.Connector.Contracts.ZlinkStreamError,System.Threading.CancellationToken,System.Threading.Tasks.ValueTask&gt;)" line-rate="0" branch-rate="1" complexity="1">
              <lines>
                <line number="27" hits="0" branch="False" />
                <line number="28" hits="0" branch="False" />
                <line number="29" hits="0" branch="False" />
                <line number="30" hits="0" branch="False" />
                <line number="31" hits="0" branch="False" />
                <line number="32" hits="0" branch="False" />
              </lines>
            </method>
            <method name="AddDisconnected" signature="(System.Func`2&lt;System.Threading.CancellationToken,System.Threading.Tasks.ValueTask&gt;)" line-rate="0" branch-rate="1" complexity="1">
              <lines>
                <line number="35" hits="0" branch="False" />
                <line number="36" hits="0" branch="False" />
                <line number="37" hits="0" branch="False" />
                <line number="38" hits="0" branch="False" />
                <line number="39" hits="0" branch="False" />
                <line number="40" hits="0" branch="False" />
              </lines>
            </method>
            <method name="RemoveDisconnected" signature="(System.Func`2&lt;System.Threading.CancellationToken,System.Threading.Tasks.ValueTask&gt;)" line-rate="0" branch-rate="1" complexity="1">
              <lines>
                <line number="43" hits="0" branch="False" />
                <line number="44" hits="0" branch="False" />
                <line number="45" hits="0" branch="False" />
                <line number="46" hits="0" branch="False" />
                <line number="47" hits="0" branch="False" />
                <line number="48" hits="0" branch="False" />
              </lines>
            </method>
            <method name="AddConnectionStateChanged" signature="(System.Func`3&lt;Systems.Zlink.Stream.Connector.Contracts.ZlinkStreamConnectionStateChanged,System.Threading.CancellationToken,System.Threading.Tasks.ValueTask&gt;)" line-rate="1" branch-rate="1" complexity="1">
              <lines>
                <line number="51" hits="1" branch="False" />
                <line number="52" hits="1" branch="False" />
                <line number="53" hits="1" branch="False" />
                <line number="54" hits="1" branch="False" />
                <line number="55" hits="1" branch="False" />
                <line number="56" hits="1" branch="False" />
              </lines>
            </method>
            <method name="RemoveConnectionStateChanged" signature="(System.Func`3&lt;Systems.Zlink.Stream.Connector.Contracts.ZlinkStreamConnectionStateChanged,System.Threading.CancellationToken,System.Threading.Tasks.ValueTask&gt;)" line-rate="0" branch-rate="1" complexity="1">
              <lines>
                <line number="59" hits="0" branch="False" />
                <line number="60" hits="0" branch="False" />
                <line number="61" hits="0" branch="False" />
                <line number="62" hits="0" branch="False" />
                <line number="63" hits="0" branch="False" />
                <line number="64" hits="0" branch="False" />
              </lines>
            </method>
            <method name="QueueRequestCallback" signature="(System.Func`1&lt;System.Threading.Tasks.ValueTask`1&lt;Systems.Zlink.Stream.Connector.Contracts.ZlinkStreamEncodedPayload&gt;&gt;,System.Func`2&lt;Systems.Zlink.Stream.Connector.Contracts.ZlinkStreamEncodedPayload,TResult&gt;,System.Func`2&lt;Systems.Zlink.Stream.Connector.Contracts.ZlinkStreamError,TResult&gt;,System.Action`1&lt;TResult&gt;)" line-rate="0.42219999999999996" branch-rate="1" complexity="1">
              <lines>
                <line number="136" hits="1" branch="False" />
                <line number="137" hits="1" branch="False" />
                <line number="138" hits="1" branch="False" />
                <line number="139" hits="1" branch="False" />
                <line number="140" hits="1" branch="False" />
                <line number="141" hits="1" branch="False" />
                <line number="142" hits="1" branch="False" />
                <line number="143" hits="1" branch="False" />
                <line number="144" hits="1" branch="False" />
                <line number="145" hits="1" branch="False" />
                <line number="146" hits="1" branch="False" />
                <line number="147" hits="1" branch="False" />
                <line number="148" hits="1" branch="False" />
                <line number="149" hits="1" branch="False" />
                <line number="150" hits="1" branch="False" />
                <line number="151" hits="1" branch="False" />
                <line number="152" hits="1" branch="False" />
                <line number="153" hits="0" branch="False" />
                <line number="154" hits="0" branch="False" />
                <line number="155" hits="0" branch="False" />
                <line number="156" hits="0" branch="False" />
                <line number="157" hits="0" branch="False" />
                <line number="158" hits="0" branch="False" />
                <line number="159" hits="0" branch="False" />
                <line number="160" hits="0" branch="False" />
                <line number="161" hits="0" branch="False" />
                <line number="162" hits="0" branch="False" />
                <line number="163" hits="0" branch="False" />
                <line number="164" hits="0" branch="False" />
                <line number="165" hits="0" branch="False" />
                <line number="166" hits="0" branch="False" />
                <line number="167" hits="0" branch="False" />
                <line number="168" hits="0" branch="False" />
                <line number="169" hits="0" branch="False" />
                <line number="170" hits="0" branch="False" />
                <line number="171" hits="0" branch="False" />
                <line number="172" hits="0" branch="False" />
                <line number="173" hits="0" branch="False" />
                <line number="174" hits="0" branch="False" />
                <line number="175" hits="0" branch="False" />
                <line number="176" hits="0" branch="False" />
                <line number="177" hits="0" branch="False" />
                <line number="178" hits="0" branch="False" />
                <line number="179" hits="2" branch="False" />
                <line number="180" hits="1" branch="False" />
              </lines>
            </method>
            <method name="Enqueue" signature="(System.Func`2&lt;System.Threading.CancellationToken,System.Threading.Tasks.ValueTask&gt;,System.Boolean)" line-rate="1" branch-rate="1" complexity="1">
              <lines>
                <line number="233" hits="2" branch="False" />
                <line number="234" hits="2" branch="False" />
                <line number="235" hits="2" branch="False" />
                <line number="236" hits="2" branch="False" />
              </lines>
            </method>
            <method name="SnapshotErrorReceived" signature="()" line-rate="1" branch-rate="1" complexity="1">
              <lines>
                <line number="239" hits="22" branch="False" />
                <line number="240" hits="22" branch="False" />
                <line number="241" hits="22" branch="False" />
                <line number="242" hits="22" branch="False" />
                <line number="244" hits="22" branch="False" />
              </lines>
            </method>
            <method name="SnapshotDisconnected" signature="()" line-rate="1" branch-rate="1" complexity="1">
              <lines>
                <line number="247" hits="23" branch="False" />
                <line number="248" hits="23" branch="False" />
                <line number="249" hits="23" branch="False" />
                <line number="250" hits="23" branch="False" />
                <line number="252" hits="23" branch="False" />
              </lines>
            </method>
            <method name="SnapshotConnectionStateChanged" signature="()" line-rate="1" branch-rate="1" complexity="1">
              <lines>
                <line number="255" hits="78" branch="False" />
                <line number="256" hits="78" branch="False" />
                <line number="257" hits="78" branch="False" />
                <line number="258" hits="78" branch="False" />
                <line number="260" hits="78" branch="False" />
              </lines>
            </method>
            <method name=".ctor" signature="(Systems.Zlink.Stream.Connector.Runtime.ZlinkStreamTaskRunner,Systems.Zlink.Stream.Connector.Contracts.ZlinkStreamDispatchMode)" line-rate="1" branch-rate="1" complexity="1">
              <lines>
                <line number="5" hits="24" branch="False" />
                <line number="6" hits="24" branch="False" />
                <line number="7" hits="24" branch="False" />
                <line number="9" hits="24" branch="False" />
                <line number="10" hits="24" branch="False" />
              </lines>
            </method>
          </methods>
          <lines>
            <line number="16" hits="3" branch="False" />
            <line number="19" hits="1" branch="False" />
            <line number="20" hits="1" branch="False" />
            <line number="21" hits="1" branch="False" />
            <line number="22" hits="1" branch="False" />
            <line number="23" hits="1" branch="False" />
            <line number="24" hits="1" branch="False" />
            <line number="27" hits="0" branch="False" />
            <line number="28" hits="0" branch="False" />
            <line number="29" hits="0" branch="False" />
            <line number="30" hits="0" branch="False" />
            <line number="31" hits="0" branch="False" />
            <line number="32" hits="0" branch="False" />
            <line number="35" hits="0" branch="False" />
            <line number="36" hits="0" branch="False" />
            <line number="37" hits="0" branch="False" />
            <line number="38" hits="0" branch="False" />
            <line number="39" hits="0" branch="False" />
            <line number="40" hits="0" branch="False" />
            <line number="43" hits="0" branch="False" />
            <line number="44" hits="0" branch="False" />
            <line number="45" hits="0" branch="False" />
            <line number="46" hits="0" branch="False" />
            <line number="47" hits="0" branch="False" />
            <line number="48" hits="0" branch="False" />
            <line number="51" hits="1" branch="False" />
            <line number="52" hits="1" branch="False" />
            <line number="53" hits="1" branch="False" />
            <line number="54" hits="1" branch="False" />
            <line number="55" hits="1" branch="False" />
            <line number="56" hits="1" branch="False" />
            <line number="59" hits="0" branch="False" />
            <line number="60" hits="0" branch="False" />
            <line number="61" hits="0" branch="False" />
            <line number="62" hits="0" branch="False" />
            <line number="63" hits="0" branch="False" />
            <line number="64" hits="0" branch="False" />
            <line number="136" hits="1" branch="False" />
            <line number="137" hits="1" branch="False" />
            <line number="138" hits="1" branch="False" />
            <line number="139" hits="1" branch="False" />
            <line number="140" hits="1" branch="False" />
            <line number="141" hits="1" branch="False" />
            <line number="142" hits="1" branch="False" />
            <line number="143" hits="1" branch="False" />
            <line number="144" hits="1" branch="False" />
            <line number="145" hits="1" branch="False" />
            <line number="146" hits="1" branch="False" />
            <line number="147" hits="1" branch="False" />
            <line number="148" hits="1" branch="False" />
            <line number="149" hits="1" branch="False" />
            <line number="150" hits="1" branch="False" />
            <line number="151" hits="1" branch="False" />
            <line number="152" hits="1" branch="False" />
            <line number="153" hits="0" branch="False" />
            <line number="154" hits="0" branch="False" />
            <line number="155" hits="0" branch="False" />
            <line number="156" hits="0" branch="False" />
            <line number="157" hits="0" branch="False" />
            <line number="158" hits="0" branch="False" />
            <line number="159" hits="0" branch="False" />
            <line number="160" hits="0" branch="False" />
            <line number="161" hits="0" branch="False" />
            <line number="162" hits="0" branch="False" />
            <line number="163" hits="0" branch="False" />
            <line number="164" hits="0" branch="False" />
            <line number="165" hits="0" branch="False" />
            <line number="166" hits="0" branch="False" />
            <line number="167" hits="0" branch="False" />
            <line number="168" hits="0" branch="False" />
            <line number="169" hits="0" branch="False" />
            <line number="170" hits="0" branch="False" />
            <line number="171" hits="0" branch="False" />
            <line number="172" hits="0" branch="False" />
            <line number="173" hits="0" branch="False" />
            <line number="174" hits="0" branch="False" />
            <line number="175" hits="0" branch="False" />
            <line number="176" hits="0" branch="False" />
            <line number="177" hits="0" branch="False" />
            <line number="178" hits="0" branch="False" />
            <line number="179" hits="2" branch="False" />
            <line number="180" hits="1" branch="False" />
            <line number="233" hits="2" branch="False" />
            <line number="234" hits="2" branch="False" />
[...]
            <method name="On" signature="(Systems.Zlink.Stream.Connector.Contracts.IZlinkStreamConnector,System.String,System.Func`3&lt;Systems.Zlink.Stream.Connector.Contracts.ZlinkStreamMessage`1&lt;TPayload&gt;,System.Threading.CancellationToken,System.Threading.Tasks.ValueTask&gt;)" line-rate="0" branch-rate="1" complexity="1">
              <lines>
                <line number="36" hits="0" branch="False" />
                <line number="37" hits="0" branch="False" />
                <line number="38" hits="0" branch="False" />
                <line number="39" hits="0" branch="False" />
                <line number="40" hits="0" branch="False" />
                <line number="41" hits="0" branch="False" />
                <line number="42" hits="0" branch="False" />
                <line number="43" hits="0" branch="False" />
                <line number="44" hits="0" branch="False" />
              </lines>
            </method>
          </methods>
          <lines>
            <line number="11" hits="1" branch="False" />
            <line number="12" hits="1" branch="False" />
            <line number="13" hits="1" branch="False" />
            <line number="14" hits="1" branch="False" />
            <line number="19" hits="3" branch="False" />
            <line number="20" hits="3" branch="False" />
            <line number="21" hits="3" branch="False" />
            <line number="22" hits="3" branch="False" />
            <line number="27" hits="0" branch="False" />
            <line number="28" hits="0" branch="False" />
            <line number="29" hits="0" branch="False" />
            <line number="30" hits="0" branch="False" />
            <line number="36" hits="0" branch="False" />
            <line number="37" hits="0" branch="False" />
            <line number="38" hits="0" branch="False" />
            <line number="39" hits="0" branch="False" />
            <line number="40" hits="0" branch="False" />
            <line number="41" hits="0" branch="False" />
            <line number="42" hits="0" branch="False" />
            <line number="43" hits="0" branch="False" />
            <line number="44" hits="0" branch="False" />
          </lines>
        </class>
        <class name="Systems.Zlink.Stream.Connector.Json.ZlinkStreamJsonSendBuilder" filename="Systems.Zlink.Stream.Connector.Json/ZlinkStreamJsonConnectorExtensions.cs" line-rate="1" branch-rate="1" complexity="6">
          <methods>
            <method name="PacketName" signature="(System.String)" line-rate="1" branch-rate="1" complexity="1">
              <lines>
                <line number="57" hits="1" branch="False" />
                <line number="58" hits="1" branch="False" />
                <line number="59" hits="1" branch="False" />
                <line number="60" hits="1" branch="False" />
              </lines>
            </method>
            <method name="Metadata" signature="(System.String,System.String)" line-rate="1" branch-rate="1" complexity="1">
              <lines>
                <line number="63" hits="1" branch="False" />
                <line number="64" hits="1" branch="False" />
                <line number="65" hits="1" branch="False" />
                <line number="66" hits="1" branch="False" />
              </lines>
            </method>
            <method name="Metadata" signature="(Systems.Zlink.Stream.Connector.Contracts.ZlinkStreamMetadata)" line-rate="1" branch-rate="1" complexity="1">
              <lines>
                <line number="69" hits="1" branch="False" />
                <line number="70" hits="1" branch="False" />
                <line number="71" hits="1" branch="False" />
                <line number="72" hits="1" branch="False" />
              </lines>
            </method>
            <method name="Compress" signature="()" line-rate="1" branch-rate="1" complexity="1">
              <lines>
                <line number="75" hits="1" branch="False" />
                <line number="76" hits="1" branch="False" />
                <line number="77" hits="1" branch="False" />
                <line number="78" hits="1" branch="False" />
              </lines>
            </method>
            <method name="Submit" signature="(System.Threading.CancellationToken)" line-rate="1" branch-rate="1" complexity="1">
              <lines>
                <line number="81" hits="1" branch="False" />
              </lines>
            </method>
            <method name=".ctor" signature="(Systems.Zlink.Stream.Connector.Contracts.Calls.IZlinkStreamSendCall)" line-rate="1" branch-rate="1" complexity="1">
              <lines>
                <line number="51" hits="1" branch="False" />
                <line number="52" hits="1" branch="False" />
                <line number="53" hits="1" branch="False" />
                <line number="54" hits="1" branch="False" />
              </lines>
            </method>
          </methods>
          <lines>
            <line number="57" hits="1" branch="False" />
            <line number="58" hits="1" branch="False" />
            <line number="59" hits="1" branch="False" />
            <line number="60" hits="1" branch="False" />
            <line number="63" hits="1" branch="False" />
            <line number="64" hits="1" branch="False" />
            <line number="65" hits="1" branch="False" />
            <line number="66" hits="1" branch="False" />
            <line number="69" hits="1" branch="False" />
            <line number="70" hits="1" branch="False" />
            <line number="71" hits="1" branch="False" />
            <line number="72" hits="1" branch="False" />
            <line number="75" hits="1" branch="False" />
            <line number="76" hits="1" branch="False" />
            <line number="77" hits="1" branch="False" />
            <line number="78" hits="1" branch="False" />
            <line number="81" hits="1" branch="False" />
            <line number="51" hits="1" branch="False" />
            <line number="52" hits="1" branch="False" />
            <line number="53" hits="1" branch="False" />
            <line number="54" hits="1" branch="False" />
          </lines>
        </class>
        <class name="Systems.Zlink.Stream.Connector.Json.ZlinkStreamJsonRequestBuilder" filename="Systems.Zlink.Stream.Connector.Json/ZlinkStreamJsonConnectorExtensions.cs" line-rate="0.8332999999999999" branch-rate="0.5" complexity="9">
          <methods>
            <method name="PacketName" signature="(System.String)" line-rate="1" branch-rate="1" complexity="1">
              <lines>
                <line number="94" hits="1" branch="False" />
                <line number="95" hits="1" branch="False" />
                <line number="96" hits="1" branch="False" />
                <line number="97" hits="1" branch="False" />
              </lines>
            </method>
            <method name="Metadata" signature="(System.String,System.String)" line-rate="1" branch-rate="1" complexity="1">
              <lines>
                <line number="100" hits="1" branch="False" />
                <line number="101" hits="1" branch="False" />
                <line number="102" hits="1" branch="False" />
                <line number="103" hits="1" branch="False" />
              </lines>
            </method>
            <method name="Metadata" signature="(Systems.Zlink.Stream.Connector.Contracts.ZlinkStreamMetadata)" line-rate="0" branch-rate="1" complexity="1">
              <lines>
                <line number="106" hits="0" branch="False" />
                <line number="107" hits="0" branch="False" />
                <line number="108" hits="0" branch="False" />
                <line number="109" hits="0" branch="False" />
              </lines>
            </method>
            <method name="Timeout" signature="(System.TimeSpan)" line-rate="1" branch-rate="1" complexity="1">
              <lines>
                <line number="112" hits="1" branch="False" />
                <line number="113" hits="1" branch="False" />
                <line number="114" hits="1" branch="False" />
                <line number="115" hits="1" branch="False" />
              </lines>
            </method>
            <method name="Compress" signature="()" line-rate="1" branch-rate="1" complexity="1">
              <lines>
                <line number="118" hits="1" branch="False" />
                <line number="119" hits="1" branch="False" />
                <line number="120" hits="1" branch="False" />
                <line number="121" hits="1" branch="False" />
              </lines>
            </method>
            <method name="Submit" signature="(System.Action`1&lt;Systems.Zlink.Stream.Connector.Contracts.ZlinkStreamResult&gt;)" line-rate="0" branch-rate="1" complexity="1">
              <lines>
                <line number="130" hits="0" branch="False" />
              </lines>
            </method>
            <method name="Submit" signature="(System.Action`1&lt;Systems.Zlink.Stream.Connector.Contracts.ZlinkStreamResult`1&lt;TReply&gt;&gt;)" line-rate="0.8695" branch-rate="0.5" complexity="2">
              <lines>
                <line number="133" hits="2" branch="False" />
                <line number="134" hits="2" branch="False" />
                <line number="135" hits="2" branch="False" />
                <line number="136" hits="2" branch="False" />
                <line number="137" hits="2" branch="True" condition-coverage="50% (1/2)">
                  <conditions>
                    <condition number="13" type="jump" coverage="50%" />
                  </conditions>
                </line>
                <line number="138" hits="0" branch="False" />
                <line number="139" hits="0" branch="False" />
                <line number="140" hits="0" branch="False" />
                <line number="141" hits="2" branch="False" />
                <line number="142" hits="2" branch="False" />
                <line number="143" hits="2" branch="False" />
                <line number="144" hits="2" branch="False" />
                <line number="145" hits="2" branch="False" />
                <line number="146" hits="1" branch="False" />
                <line number="147" hits="1" branch="False" />
                <line number="148" hits="1" branch="False" />
                <line number="149" hits="1" branch="False" />
                <line number="150" hits="1" branch="False" />
                <line number="151" hits="1" branch="False" />
                <line number="152" hits="1" branch="False" />
                <line number="153" hits="1" branch="False" />
                <line number="154" hits="4" branch="False" />
                <line number="155" hits="2" branch="False" />
              </lines>
            </method>
            <method name=".ctor" signature="(Systems.Zlink.Stream.Connector.Contracts.Calls.IZlinkStreamRequestCall)" line-rate="1" branch-rate="1" complexity="1">
              <lines>
                <line number="88" hits="3" branch="False" />
                <line number="89" hits="3" branch="False" />
                <line number="90" hits="3" branch="False" />
                <line number="91" hits="3" branch="False" />
              </lines>
            </method>
          </methods>
          <lines>
            <line number="94" hits="1" branch="False" />
            <line number="95" hits="1" branch="False" />
            <line number="96" hits="1" branch="False" />
            <line number="97" hits="1" branch="False" />
            <line number="100" hits="1" branch="False" />
            <line number="101" hits="1" branch="False" />
            <line number="102" hits="1" branch="False" />
            <line number="103" hits="1" branch="False" />
            <line number="106" hits="0" branch="False" />
            <line number="107" hits="0" branch="False" />
            <line number="108" hits="0" branch="False" />
            <line number="109" hits="0" branch="False" />
            <line number="112" hits="1" branch="False" />
            <line number="113" hits="1" branch="False" />
            <line number="114" hits="1" branch="False" />
            <line number="115" hits="1" branch="False" />
            <line number="118" hits="1" branch="False" />
            <line number="119" hits="1" branch="False" />
            <line number="120" hits="1" branch="False" />
            <line number="121" hits="1" branch="False" />
            <line number="130" hits="0" branch="False" />
            <line number="133" hits="2" branch="False" />
            <line number="134" hits="2" branch="False" />
            <line number="135" hits="2" branch="False" />
            <line number="136" hits="2" branch="False" />
            <line number="137" hits="2" branch="True" condition-coverage="50% (1/2)">
              <conditions>
                <condition number="13" type="jump" coverage="50%" />
              </conditions>
            </line>
            <line number="138" hits="0" branch="False" />
            <line number="139" hits="0" branch="False" />
            <line number="140" hits="0" branch="False" />
            <line number="141" hits="2" branch="False" />
            <line number="142" hits="2" branch="False" />
            <line number="143" hits="2" branch="False" />
            <line number="144" hits="2" branch="False" />
            <line number="145" hits="2" branch="False" />
            <line number="146" hits="1" branch="False" />
            <line number="147" hits="1" branch="False" />
            <line number="148" hits="1" branch="False" />
            <line number="149" hits="1" branch="False" />
            <line number="150" hits="1" branch="False" />
            <line number="151" hits="1" branch="False" />
            <line number="152" hits="1" branch="False" />
            <line number="153" hits="1" branch="False" />
            <line number="154" hits="4" branch="False" />
            <line number="155" hits="2" branch="False" />
            <line number="88" hits="3" branch="False" />
            <line number="89" hits="3" branch="False" />
            <line number="90" hits="3" branch="False" />
            <line number="91" hits="3" branch="False" />
          </lines>
        </class>
        <class name="Systems.Zlink.Stream.Connector.Json.ZlinkStreamJsonRequestBuilder/&lt;SubmitAsync&gt;d__7`1" filename="Systems.Zlink.Stream.Connector.Json/ZlinkStreamJsonConnectorExtensions.cs" line-rate="1" branch-rate="1" complexity="1">
          <methods>
            <method name="MoveNext" signature="()" line-rate="1" branch-rate="1" complexity="1">
              <lines>
                <line number="124" hits="1" branch="False" />
                <line number="125" hits="1" branch="False" />
                <line number="126" hits="1" branch="False" />
                <line number="127" hits="1" branch="False" />
              </lines>
            </method>
          </methods>
          <lines>
            <line number="124" hits="1" branch="False" />
            <line number="125" hits="1" branch="False" />
            <line number="126" hits="1" branch="False" />
            <line number="127" hits="1" branch="False" />
          </lines>
        </class>
        <class name="Systems.Zlink.Stream.Connector.Json.ZlinkStreamJsonCodec" filename="Systems.Zlink.Stream.Connector.Json/ZlinkStreamJsonExtensions.cs" line-rate="0.3333" branch-rate="1" complexity="3">
          <methods>
            <method name="get_SerializerOptions" signature="()" line-rate="1" branch-rate="1" complexity="1">
              <lines>
                <line number="10" hits="24" branch="False" />
              </lines>
            </method>
            <method name="Configure" signature="(System.Text.Json.JsonSerializerOptions)" line-rate="0" branch-rate="1" complexity="1">
              <lines>
                <line number="13" hits="0" branch="False" />
                <line number="14" hits="0" branch="False" />
                <line number="15" hits="0" branch="False" />
                <line number="16" hits="0" branch="False" />
              </lines>
            </method>
            <method name=".cctor" signature="()" line-rate="1" branch-rate="1" complexity="1">
              <lines>
                <line number="8" hits="1" branch="False" />
              </lines>
            </method>
          </methods>
          <lines>
            <line number="10" hits="24" branch="False" />
            <line number="13" hits="0" branch="False" />
            <line number="14" hits="0" branch="False" />
            <line number="15" hits="0" branch="False" />
            <line number="16" hits="0" branch="False" />
            <line number="8" hits="1" branch="False" />
          </lines>
        </class>
        <class name="Systems.Zlink.Stream.Connector.Json.ZlinkStreamJsonExtensions" filename="Systems.Zlink.Stream.Connector.Json/ZlinkStreamJsonExtensions.cs" line-rate="0.8665999999999999" branch-rate="0.5" complexity="4">
          <methods>
            <method name="FromJson" signature="(Systems.Zlink.Stream.Connector.Contracts.ZlinkStreamEncodedPayload)" line-rate="1" branch-rate="1" complexity="1">
              <lines>
                <line number="22" hits="8" branch="False" />
                <line number="23" hits="8" branch="False" />
                <line number="24" hits="8" branch="False" />
                <line number="25" hits="7" branch="False" />
              </lines>
            </method>
            <method name="ToJson" signature="(T)" line-rate="1" branch-rate="1" complexity="1">
              <lines>
                <line number="28" hits="16" branch="False" />
                <line number="29" hits="16" branch="False" />
                <line number="30" hits="16" branch="False" />
                <line number="31" hits="16" branch="False" />
                <line number="32" hits="16" branch="False" />
                <line number="33" hits="16" branch="False" />
              </lines>
            </method>
            <method name="EnsureJson" signature="(Systems.Zlink.Stream.Connector.Contracts.ZlinkStreamEncodedPayload)" line-rate="0.6" branch-rate="0.5" complexity="2">
              <lines>
                <line number="36" hits="8" branch="False" />
                <line number="37" hits="8" branch="True" condition-coverage="50% (1/2)">
                  <conditions>
                    <condition number="15" type="jump" coverage="50%" />
                  </conditions>
                </line>
                <line number="38" hits="0" branch="False" />
                <line number="39" hits="0" branch="False" />
                <line number="41" hits="8" branch="False" />
              </lines>
            </method>
          </methods>
          <lines>
            <line number="22" hits="8" branch="False" />
            <line number="23" hits="8" branch="False" />
            <line number="24" hits="8" branch="False" />
            <line number="25" hits="7" branch="False" />
            <line number="28" hits="16" branch="False" />
            <line number="29" hits="16" branch="False" />
            <line number="30" hits="16" branch="False" />
            <line number="31" hits="16" branch="False" />
            <line number="32" hits="16" branch="False" />
            <line number="33" hits="16" branch="False" />
            <line number="36" hits="8" branch="False" />
            <line number="37" hits="8" branch="True" condition-coverage="50% (1/2)">
              <conditions>
                <condition number="15" type="jump" coverage="50%" />
              </conditions>
            </line>
            <line number="38" hits="0" branch="False" />
            <line number="39" hits="0" branch="False" />
            <line number="41" hits="8" branch="False" />
          </lines>
        </class>
      </classes>
    </package>
  </packages>
</coverage>